<?xml version="1.0" encoding="UTF-8"?>
<testng-results skipped="0" failed="0" ignored="0" total="0" passed="0">
  <reporter-output>
  </reporter-output>
  <suite name="Default suite" duration-ms="31" started-at="2018-02-06T14:14:57Z" finished-at="2018-02-06T14:14:57Z">
    <groups>
    </groups>
    <test name="Default test" duration-ms="31" started-at="2018-02-06T14:14:57Z" finished-at="2018-02-06T14:14:57Z">
      <class name="com.phptravels.testcase.VerifyLoginToHomePage">
        <test-method status="PASS" signature="shutdown()[pri:0, instance:com.phptravels.testcase.VerifyLoginToHomePage@2a2d45ba]" name="shutdown" is-config="true" duration-ms="17" started-at="2018-02-06T19:44:57Z" finished-at="2018-02-06T19:44:57Z">
          <reporter-output>
          </reporter-output>
        </test-method> <!-- shutdown -->
      </class> <!-- com.phptravels.testcase.VerifyLoginToHomePage -->
    </test> <!-- Default test -->
  </suite> <!-- Default suite -->
</testng-results>
